2026-01-04 17:22:47,300 - INFO - Comet клиент инициализирован с путем: D:\tryagain\temp\comet_browser_opener.py
2026-01-04 17:22:47,300 - INFO - Проверка соединения с Comet...
2026-01-04 17:22:47,302 - INFO - Запуск Comet извлечения для домена: google.com
2026-01-04 17:27:47,317 - ERROR - Comet извлечение превысило таймаут для домена: google.com
2026-01-04 17:27:47,317 - INFO - Comet соединение: работает
2026-01-04 17:27:47,317 - INFO - Comet клиент инициализирован с путем: D:\tryagain\temp\comet_browser_opener.py
2026-01-04 17:27:47,317 - INFO - Запуск Comet извлечения для домена: google.com
2026-01-04 17:32:47,336 - ERROR - Comet извлечение превысило таймаут для домена: google.com
2026-01-04 17:32:47,341 - INFO - Comet клиент инициализирован с путем: D:\tryagain\temp\comet_browser_opener.py
2026-01-04 17:32:47,341 - INFO - Начало пакетной обработки 2 доменов
2026-01-04 17:32:47,341 - INFO - Обработка домена 1/2: google.com
2026-01-04 17:32:47,341 - INFO - Запуск Comet извлечения для домена: google.com
2026-01-04 17:37:47,363 - ERROR - Comet извлечение превысило таймаут для домена: google.com
2026-01-04 17:37:47,364 - INFO - Задержка 1 секунд перед следующим доменом...
2026-01-04 17:37:48,373 - INFO - Обработка домена 2/2: yandex.ru
2026-01-04 17:37:48,373 - INFO - Запуск Comet извлечения для домена: yandex.ru
2026-01-04 17:39:25,550 - ERROR - Comet скрипт завершился с ошибкой: INFO - Найден браузер Comet: C:\Users\admin\AppData\Local\Perplexity\Comet\Application\Comet.exe
Traceback (most recent call last):
  File "D:\tryagain\temp\comet_browser_opener.py", line 418, in open_comet_browser
    window.activate()
  File "C:\Users\admin\AppData\Local\Programs\Python\Python312\Lib\site-packages\pygetwindow\_pygetwindow_win.py", line 246, in activate
    _raiseWithLastError()
  File "C:\Users\admin\AppData\Local\Programs\Python\Python312\Lib\site-packages\pygetwindow\_pygetwindow_win.py", line 99, in _raiseWithLastError
    raise PyGetWindowException('Error code from Windows: %s - %s' % (errorCode, _formatMessage(errorCode)))
pygetwindow.PyGetWindowException: Error code from Windows: 0 - Операция успешно завершена.
Traceback (most recent call last):
  File "D:\tryagain\temp\comet_browser_opener.py", line 897, in <module>
    main()
  File "D:\tryagain\temp\comet_browser_opener.py", line 892, in main
    input("Нажмите Enter для выхода...")
KeyboardInterrupt

2026-01-04 17:39:25,551 - INFO - Пакетная обработка завершена: 0 успешных, 2 неудачных, среднее время: 198.60с
2026-01-04 17:41:34,774 - INFO - Comet сессия инициализирована с путем: D:\tryagain\temp\comet_browser_opener.py
2026-01-04 17:50:06,324 - INFO - Comet сессия инициализирована с путем: D:\tryagain\temp\comet_browser_opener.py
2026-01-04 17:50:06,324 - INFO - Открытие Comet браузера с доменом: metallsnab-nn.ru
2026-01-04 17:50:56,416 - INFO - ✅ Comet браузер успешно открыт
2026-01-04 17:51:01,430 - INFO - Переход к домену: metallsnab-nn.ru
2026-01-04 17:52:18,782 - INFO - Переход к домену: wodoprovod.ru
2026-01-04 17:53:17,908 - INFO - Браузер закрыт
2026-01-04 18:09:12,288 - INFO - Enhanced Comet сессия инициализирована
2026-01-04 18:09:33,985 - INFO - 🚀 Запуск финального эксперимента с Enhanced Shortcut /requisites на 10 доменах
2026-01-04 18:09:33,985 - INFO - 🚀 Начало обработки 10 доменов с Enhanced Shortcut /requisites
2026-01-04 18:09:33,986 - INFO - 📝 Обработка домена 1/10: metallsnab-nn.ru
2026-01-04 18:09:33,986 - INFO - 🌐 Открытие Comet браузера: metallsnab-nn.ru
2026-01-04 18:10:34,001 - ERROR - ❌ Критическая ошибка открытия браузера: Command '['C:\\Users\\admin\\AppData\\Local\\Programs\\Python\\Python312\\python.exe', 'D:\\tryagain\\temp\\comet_browser_opener.py', 'https://metallsnab-nn.ru', '']' timed out after 60 seconds
2026-01-04 18:10:34,001 - INFO - ⏳ Задержка 4 секунд...
2026-01-04 18:10:38,012 - INFO - 📝 Обработка домена 2/10: wodoprovod.ru
2026-01-04 18:10:38,012 - INFO - 🌐 Открытие Comet браузера: wodoprovod.ru
2026-01-04 18:11:38,022 - ERROR - ❌ Критическая ошибка открытия браузера: Command '['C:\\Users\\admin\\AppData\\Local\\Programs\\Python\\Python312\\python.exe', 'D:\\tryagain\\temp\\comet_browser_opener.py', 'https://wodoprovod.ru', '']' timed out after 60 seconds
2026-01-04 18:11:38,022 - INFO - ⏳ Задержка 4 секунд...
2026-01-04 18:11:42,023 - INFO - 📝 Обработка домена 3/10: ozon.ru
2026-01-04 18:11:42,023 - INFO - 🌐 Открытие Comet браузера: ozon.ru
2026-01-04 18:12:42,042 - ERROR - ❌ Критическая ошибка открытия браузера: Command '['C:\\Users\\admin\\AppData\\Local\\Programs\\Python\\Python312\\python.exe', 'D:\\tryagain\\temp\\comet_browser_opener.py', 'https://ozon.ru', '']' timed out after 60 seconds
2026-01-04 18:12:42,042 - INFO - ⏳ Задержка 4 секунд...
2026-01-04 18:12:46,055 - INFO - 📝 Обработка домена 4/10: gremir.ru
2026-01-04 18:12:46,055 - INFO - 🌐 Открытие Comet браузера: gremir.ru
2026-01-04 18:13:25,482 - ERROR - ❌ Ошибка открытия браузера: INFO - Найден браузер Comet: C:\Users\admin\AppData\Local\Perplexity\Comet\Application\Comet.exe
Traceback (most recent call last):
  File "D:\tryagain\temp\comet_browser_opener.py", line 418, in open_comet_browser
    window.activate()
  File "C:\Users\admin\AppData\Local\Programs\Python\Python312\Lib\site-packages\pygetwindow\_pygetwindow_win.py", line 246, in activate
    _raiseWithLastError()
  File "C:\Users\admin\AppData\Local\Programs\Python\Python312\Lib\site-packages\pygetwindow\_pygetwindow_win.py", line 99, in _raiseWithLastError
    raise PyGetWindowException('Error code from Windows: %s - %s' % (errorCode, _formatMessage(errorCode)))
pygetwindow.PyGetWindowException: Error code from Windows: 0 - Операция успешно завершена.
Traceback (most recent call last):
  File "D:\tryagain\temp\comet_browser_opener.py", line 897, in <module>
    main()
  File "D:\tryagain\temp\comet_browser_opener.py", line 892, in main
    input("Нажмите Enter для выхода...")
KeyboardInterrupt

2026-01-04 18:13:25,482 - INFO - ⏳ Задержка 4 секунд...
2026-01-04 18:15:25,570 - INFO - Fixed Comet сессия инициализирована
2026-01-04 18:15:25,570 - INFO - 🌐 Открытие Comet браузера: metallsnab-nn.ru
2026-01-04 18:16:25,590 - ERROR - ❌ Критическая ошибка: Command '['C:\\Users\\admin\\AppData\\Local\\Programs\\Python\\Python312\\python.exe', 'D:\\tryagain\\temp\\comet_browser_opener.py', 'https://metallsnab-nn.ru', '']' timed out after 60 seconds
2026-01-04 18:16:25,590 - ERROR - Браузер не открыт
2026-01-04 18:16:25,590 - ERROR - ❌ Ошибка для metallsnab-nn.ru: FixedShortcutSession._create_error_result() takes 2 positional arguments but 3 were given
2026-01-04 18:16:25,591 - ERROR - ❌ Ошибка теста: FixedShortcutSession._create_error_result() takes 2 positional arguments but 3 were given
2026-01-04 18:17:44,419 - INFO - Fixed Comet сессия инициализирована
2026-01-04 18:17:44,419 - INFO - 🌐 Открытие Comet браузера: metallsnab-nn.ru
2026-01-04 18:19:44,448 - ERROR - ❌ Критическая ошибка: Command '['C:\\Users\\admin\\AppData\\Local\\Programs\\Python\\Python312\\python.exe', 'D:\\tryagain\\temp\\comet_browser_opener.py', 'https://metallsnab-nn.ru', '']' timed out after 120 seconds
2026-01-04 18:19:44,449 - ERROR - Браузер не открыт
2026-01-04 18:19:47,462 - ERROR - Браузер не открыт
2026-01-04 18:19:50,469 - ERROR - Браузер не открыт
