[Frontend] Starting...
[Frontend] Starting Next.js on port 3000...

> moderator-dashboard-ui@1.0.0 dev
> next dev --webpack

▲ Next.js 16.1.1 (webpack)
- Local:         http://localhost:3000
- Network:       http://192.168.1.108:3000
- Environments: .env.local

✓ Starting...
✓ Ready in 2.5s
 GET / 200 in 56ms (compile: 7ms, render: 49ms)
 GET / 200 in 35ms (compile: 4ms, render: 31ms)
 GET / 200 in 41ms (compile: 3ms, render: 37ms)
 GET / 200 in 37ms (compile: 3ms, render: 34ms)
 GET / 200 in 37ms (compile: 4ms, render: 34ms)
 GET / 200 in 42ms (compile: 4ms, render: 38ms)
 GET / 200 in 37ms (compile: 3ms, render: 34ms)
 GET / 200 in 45ms (compile: 3ms, render: 41ms)
 GET / 200 in 48ms (compile: 5ms, render: 43ms)
 GET / 200 in 37ms (compile: 3ms, render: 34ms)
 GET / 200 in 33ms (compile: 3ms, render: 31ms)
 GET / 200 in 31ms (compile: 2ms, render: 29ms)
 GET / 200 in 31ms (compile: 2ms, render: 28ms)
 GET / 200 in 31ms (compile: 3ms, render: 28ms)
 GET /parsing-runs 200 in 759ms (compile: 634ms, render: 125ms)
 GET /parsing-runs/a0097613-61ab-4831-8d48-ef9c8cbfac8b 200 in 1247ms (compile: 1217ms, render: 31ms)
 GET / 200 in 94ms (compile: 10ms, render: 84ms)
 GET / 200 in 44ms (compile: 4ms, render: 40ms)
 GET / 200 in 35ms (compile: 3ms, render: 33ms)
 GET / 200 in 39ms (compile: 3ms, render: 37ms)
 GET / 200 in 42ms (compile: 4ms, render: 38ms)
 GET / 200 in 43ms (compile: 3ms, render: 40ms)
 GET / 200 in 32ms (compile: 3ms, render: 29ms)
 GET / 200 in 38ms (compile: 3ms, render: 35ms)
 GET / 200 in 40ms (compile: 3ms, render: 38ms)
 GET / 200 in 34ms (compile: 3ms, render: 32ms)
 GET / 200 in 34ms (compile: 3ms, render: 32ms)
 GET / 200 in 36ms (compile: 3ms, render: 34ms)
 GET / 200 in 34ms (compile: 3ms, render: 32ms)
 GET / 200 in 33ms (compile: 3ms, render: 30ms)
 GET / 200 in 32ms (compile: 3ms, render: 29ms)
 GET / 200 in 33ms (compile: 3ms, render: 30ms)
 GET / 200 in 36ms (compile: 3ms, render: 33ms)
 GET / 200 in 34ms (compile: 3ms, render: 31ms)
 GET / 200 in 33ms (compile: 2ms, render: 31ms)
 GET / 200 in 34ms (compile: 3ms, render: 32ms)
 GET / 200 in 30ms (compile: 2ms, render: 28ms)
 GET / 200 in 29ms (compile: 2ms, render: 26ms)
 GET / 200 in 30ms (compile: 2ms, render: 27ms)
 GET / 200 in 33ms (compile: 3ms, render: 31ms)
 GET / 200 in 33ms (compile: 3ms, render: 31ms)
 GET / 200 in 32ms (compile: 3ms, render: 29ms)
 GET / 200 in 31ms (compile: 3ms, render: 29ms)
 GET / 200 in 32ms (compile: 2ms, render: 29ms)
 GET / 200 in 31ms (compile: 3ms, render: 29ms)
 GET / 200 in 31ms (compile: 3ms, render: 29ms)
 GET / 200 in 31ms (compile: 3ms, render: 28ms)
 GET / 200 in 32ms (compile: 3ms, render: 29ms)
 GET / 200 in 31ms (compile: 2ms, render: 29ms)
 GET / 200 in 33ms (compile: 3ms, render: 29ms)
 GET / 200 in 31ms (compile: 3ms, render: 28ms)
 GET / 200 in 31ms (compile: 3ms, render: 28ms)
 GET / 200 in 31ms (compile: 3ms, render: 28ms)
 GET / 200 in 33ms (compile: 3ms, render: 31ms)
 GET / 200 in 33ms (compile: 3ms, render: 30ms)
 GET / 200 in 33ms (compile: 2ms, render: 31ms)
 GET / 200 in 34ms (compile: 3ms, render: 31ms)
 GET / 200 in 33ms (compile: 3ms, render: 30ms)
 GET / 200 in 32ms (compile: 3ms, render: 29ms)
 GET / 200 in 32ms (compile: 3ms, render: 29ms)
 GET / 200 in 31ms (compile: 3ms, render: 28ms)
 GET / 200 in 33ms (compile: 3ms, render: 30ms)
 GET / 200 in 32ms (compile: 3ms, render: 29ms)
 GET / 200 in 33ms (compile: 3ms, render: 29ms)
 GET / 200 in 31ms (compile: 3ms, render: 28ms)
 GET / 200 in 32ms (compile: 3ms, render: 29ms)
 GET / 200 in 31ms (compile: 3ms, render: 28ms)
 GET / 200 in 45ms (compile: 4ms, render: 41ms)
 GET / 200 in 32ms (compile: 4ms, render: 28ms)
 GET / 200 in 34ms (compile: 3ms, render: 31ms)
 GET / 200 in 34ms (compile: 4ms, render: 30ms)
 GET / 200 in 33ms (compile: 4ms, render: 29ms)
 GET / 200 in 32ms (compile: 3ms, render: 29ms)
 GET / 200 in 36ms (compile: 3ms, render: 32ms)
 GET / 200 in 34ms (compile: 3ms, render: 31ms)
 GET / 200 in 33ms (compile: 3ms, render: 30ms)
 GET / 200 in 31ms (compile: 3ms, render: 28ms)
 GET / 200 in 31ms (compile: 3ms, render: 28ms)
 GET / 200 in 33ms (compile: 3ms, render: 30ms)
 GET / 200 in 32ms (compile: 3ms, render: 29ms)
 GET / 200 in 31ms (compile: 2ms, render: 29ms)
 GET / 200 in 33ms (compile: 3ms, render: 30ms)
 GET / 200 in 34ms (compile: 3ms, render: 31ms)
 GET / 200 in 35ms (compile: 3ms, render: 32ms)
 GET / 200 in 65ms (compile: 4ms, render: 61ms)
 GET / 200 in 55ms (compile: 4ms, render: 51ms)
 GET / 200 in 32ms (compile: 3ms, render: 29ms)
 GET / 200 in 36ms (compile: 3ms, render: 33ms)
 GET /parsing-runs 200 in 58ms (compile: 10ms, render: 48ms)
 GET /parsing-runs/a0097613-61ab-4831-8d48-ef9c8cbfac8b 200 in 115ms (compile: 19ms, render: 96ms)
 GET /parsing-runs 200 in 14ms (compile: 3ms, render: 11ms)
 GET / 200 in 13ms (compile: 3ms, render: 10ms)
 GET / 200 in 34ms (compile: 5ms, render: 29ms)
 GET /parsing-runs/c3e59c47-010e-4325-b131-3a8e86853d06 200 in 28ms (compile: 11ms, render: 17ms)
 GET / 200 in 38ms (compile: 4ms, render: 34ms)
 GET / 200 in 33ms (compile: 4ms, render: 29ms)
 GET / 200 in 34ms (compile: 3ms, render: 31ms)
 GET /parsing-runs 200 in 14ms (compile: 3ms, render: 11ms)
 GET /parsing-runs 200 in 13ms (compile: 2ms, render: 10ms)
 GET /parsing-runs 200 in 29ms (compile: 2ms, render: 27ms)
 GET / 200 in 32ms (compile: 3ms, render: 29ms)
 GET / 200 in 32ms (compile: 2ms, render: 30ms)
 GET / 200 in 31ms (compile: 2ms, render: 28ms)
 GET / 200 in 31ms (compile: 3ms, render: 28ms)
 GET / 200 in 32ms (compile: 3ms, render: 29ms)
 GET / 200 in 31ms (compile: 3ms, render: 28ms)
 GET / 200 in 31ms (compile: 3ms, render: 29ms)
 GET / 200 in 33ms (compile: 2ms, render: 30ms)
 GET / 200 in 35ms (compile: 3ms, render: 33ms)
 GET / 200 in 33ms (compile: 2ms, render: 30ms)
 GET / 200 in 30ms (compile: 2ms, render: 28ms)
 GET / 200 in 32ms (compile: 3ms, render: 29ms)
 GET / 200 in 31ms (compile: 2ms, render: 29ms)
 GET / 200 in 33ms (compile: 3ms, render: 30ms)
 GET / 200 in 32ms (compile: 3ms, render: 29ms)
 GET / 200 in 31ms (compile: 3ms, render: 28ms)
 GET / 200 in 30ms (compile: 3ms, render: 27ms)
 GET / 200 in 30ms (compile: 3ms, render: 27ms)
 GET / 200 in 32ms (compile: 4ms, render: 28ms)
 GET / 200 in 33ms (compile: 3ms, render: 30ms)
 GET / 200 in 32ms (compile: 4ms, render: 28ms)
 GET / 200 in 33ms (compile: 3ms, render: 30ms)
 GET / 200 in 31ms (compile: 3ms, render: 28ms)
 GET / 200 in 31ms (compile: 3ms, render: 28ms)
 GET / 200 in 33ms (compile: 3ms, render: 30ms)
 GET / 200 in 33ms (compile: 3ms, render: 29ms)
 GET / 200 in 33ms (compile: 3ms, render: 30ms)
 GET / 200 in 32ms (compile: 3ms, render: 29ms)
 GET / 200 in 33ms (compile: 3ms, render: 30ms)
 GET / 200 in 32ms (compile: 3ms, render: 29ms)
 GET / 200 in 32ms (compile: 3ms, render: 29ms)
 GET / 200 in 33ms (compile: 3ms, render: 29ms)
 GET / 200 in 36ms (compile: 2ms, render: 33ms)
 GET / 200 in 31ms (compile: 3ms, render: 28ms)
 GET / 200 in 30ms (compile: 3ms, render: 27ms)
 GET / 200 in 30ms (compile: 2ms, render: 28ms)
 GET / 200 in 30ms (compile: 2ms, render: 27ms)
 GET / 200 in 33ms (compile: 3ms, render: 30ms)
 GET / 200 in 29ms (compile: 2ms, render: 27ms)
 GET / 200 in 29ms (compile: 2ms, render: 27ms)
 GET / 200 in 29ms (compile: 3ms, render: 27ms)
 GET / 200 in 30ms (compile: 3ms, render: 27ms)
 GET / 200 in 29ms (compile: 2ms, render: 27ms)
 GET / 200 in 28ms (compile: 2ms, render: 26ms)
 GET / 200 in 30ms (compile: 2ms, render: 28ms)
 GET / 200 in 32ms (compile: 2ms, render: 29ms)
 GET / 200 in 32ms (compile: 3ms, render: 29ms)
 GET / 200 in 29ms (compile: 3ms, render: 26ms)
 GET / 200 in 29ms (compile: 3ms, render: 26ms)
 GET / 200 in 31ms (compile: 2ms, render: 28ms)
 GET / 200 in 32ms (compile: 2ms, render: 29ms)
 GET / 200 in 33ms (compile: 3ms, render: 30ms)
 GET / 200 in 29ms (compile: 2ms, render: 27ms)
 GET / 200 in 29ms (compile: 2ms, render: 27ms)
 GET / 200 in 29ms (compile: 2ms, render: 27ms)
 GET / 200 in 31ms (compile: 2ms, render: 28ms)
 GET / 200 in 30ms (compile: 2ms, render: 27ms)
 GET / 200 in 29ms (compile: 2ms, render: 26ms)
 GET / 200 in 30ms (compile: 2ms, render: 28ms)
 GET / 200 in 32ms (compile: 3ms, render: 29ms)
 GET / 200 in 29ms (compile: 2ms, render: 27ms)
 GET / 200 in 30ms (compile: 2ms, render: 27ms)
 GET / 200 in 30ms (compile: 2ms, render: 28ms)
 GET / 200 in 32ms (compile: 3ms, render: 29ms)
 GET / 200 in 31ms (compile: 3ms, render: 28ms)
 GET / 200 in 30ms (compile: 3ms, render: 27ms)
 GET / 200 in 32ms (compile: 3ms, render: 29ms)
 GET / 200 in 33ms (compile: 4ms, render: 29ms)
 GET / 200 in 34ms (compile: 3ms, render: 30ms)
 GET / 200 in 32ms (compile: 3ms, render: 29ms)
 GET / 200 in 30ms (compile: 3ms, render: 27ms)
 GET / 200 in 31ms (compile: 3ms, render: 28ms)
 GET / 200 in 33ms (compile: 3ms, render: 29ms)
 GET / 200 in 31ms (compile: 3ms, render: 28ms)
 GET / 200 in 31ms (compile: 3ms, render: 28ms)
 GET / 200 in 33ms (compile: 3ms, render: 30ms)
 GET / 200 in 31ms (compile: 3ms, render: 28ms)
 GET / 200 in 32ms (compile: 3ms, render: 30ms)
 GET / 200 in 34ms (compile: 4ms, render: 30ms)
 GET / 200 in 34ms (compile: 3ms, render: 31ms)
 GET /parsing-runs 200 in 106ms (compile: 75ms, render: 31ms)
 GET /parsing-runs/c3e59c47-010e-4325-b131-3a8e86853d06 200 in 51ms (compile: 26ms, render: 25ms)
 GET / 200 in 105ms (compile: 10ms, render: 95ms)
 GET / 200 in 29ms (compile: 2ms, render: 27ms)
 GET / 200 in 32ms (compile: 3ms, render: 29ms)
 GET / 200 in 29ms (compile: 2ms, render: 26ms)
 GET / 200 in 30ms (compile: 3ms, render: 27ms)
 GET / 200 in 31ms (compile: 4ms, render: 27ms)
 GET / 200 in 30ms (compile: 2ms, render: 28ms)
 GET / 200 in 30ms (compile: 2ms, render: 27ms)
 GET / 200 in 33ms (compile: 2ms, render: 31ms)
 GET / 200 in 33ms (compile: 3ms, render: 30ms)
 GET / 200 in 31ms (compile: 3ms, render: 29ms)
 GET / 200 in 32ms (compile: 2ms, render: 30ms)
 GET / 200 in 31ms (compile: 2ms, render: 29ms)
 GET / 200 in 31ms (compile: 2ms, render: 28ms)
 GET / 200 in 31ms (compile: 3ms, render: 29ms)
 GET / 200 in 33ms (compile: 2ms, render: 31ms)
 GET / 200 in 31ms (compile: 2ms, render: 28ms)
 GET / 200 in 32ms (compile: 2ms, render: 29ms)
 GET / 200 in 36ms (compile: 3ms, render: 33ms)
 GET / 200 in 35ms (compile: 2ms, render: 32ms)
 GET /parsing-runs/c3e59c47-010e-4325-b131-3a8e86853d06 200 in 23ms (compile: 11ms, render: 13ms)
 GET / 200 in 50ms (compile: 3ms, render: 47ms)
 GET / 200 in 47ms (compile: 3ms, render: 44ms)
 GET / 200 in 54ms (compile: 3ms, render: 51ms)
 GET / 200 in 56ms (compile: 4ms, render: 53ms)
 GET / 200 in 42ms (compile: 3ms, render: 38ms)
 GET / 200 in 32ms (compile: 2ms, render: 30ms)
 GET / 200 in 31ms (compile: 2ms, render: 29ms)
 GET / 200 in 34ms (compile: 3ms, render: 31ms)
 GET / 200 in 35ms (compile: 2ms, render: 33ms)
 GET / 200 in 36ms (compile: 4ms, render: 32ms)
 GET /parsing-runs/c3e59c47-010e-4325-b131-3a8e86853d06 200 in 87ms (compile: 11ms, render: 76ms)
 GET /parsing-runs/c3e59c47-010e-4325-b131-3a8e86853d06 200 in 43ms (compile: 4ms, render: 39ms)
 GET /parsing-runs/c3e59c47-010e-4325-b131-3a8e86853d06 200 in 70ms (compile: 19ms, render: 51ms)
 GET / 200 in 30ms (compile: 3ms, render: 27ms)
 GET / 200 in 36ms (compile: 2ms, render: 34ms)
 GET / 200 in 30ms (compile: 2ms, render: 28ms)
 GET / 200 in 30ms (compile: 2ms, render: 27ms)
 GET / 200 in 31ms (compile: 2ms, render: 29ms)
 GET / 200 in 34ms (compile: 3ms, render: 31ms)
 GET / 200 in 32ms (compile: 2ms, render: 30ms)
 GET / 200 in 31ms (compile: 2ms, render: 29ms)
 GET / 200 in 32ms (compile: 2ms, render: 30ms)
 GET / 200 in 34ms (compile: 3ms, render: 31ms)
 GET / 200 in 32ms (compile: 3ms, render: 29ms)
 GET / 200 in 32ms (compile: 3ms, render: 29ms)
 GET / 200 in 32ms (compile: 2ms, render: 30ms)
 GET / 200 in 31ms (compile: 3ms, render: 29ms)
 GET / 200 in 31ms (compile: 3ms, render: 29ms)
 GET / 200 in 35ms (compile: 3ms, render: 32ms)
 GET / 200 in 34ms (compile: 3ms, render: 31ms)
 GET / 200 in 31ms (compile: 3ms, render: 28ms)
 GET / 200 in 37ms (compile: 4ms, render: 33ms)
 GET / 200 in 31ms (compile: 3ms, render: 29ms)
 GET / 200 in 30ms (compile: 2ms, render: 28ms)
 GET / 200 in 32ms (compile: 3ms, render: 29ms)
 GET / 200 in 32ms (compile: 2ms, render: 30ms)
 GET / 200 in 32ms (compile: 3ms, render: 29ms)
 GET / 200 in 33ms (compile: 2ms, render: 31ms)
 GET / 200 in 33ms (compile: 2ms, render: 30ms)
 GET / 200 in 36ms (compile: 3ms, render: 33ms)
 GET / 200 in 32ms (compile: 2ms, render: 29ms)
 GET / 200 in 54ms (compile: 4ms, render: 50ms)
 GET / 200 in 60ms (compile: 5ms, render: 55ms)
 GET / 200 in 37ms (compile: 3ms, render: 33ms)
 GET / 200 in 43ms (compile: 3ms, render: 40ms)
 GET / 200 in 41ms (compile: 4ms, render: 37ms)
 GET / 200 in 42ms (compile: 3ms, render: 39ms)
 GET / 200 in 30ms (compile: 2ms, render: 28ms)
 GET / 200 in 32ms (compile: 2ms, render: 29ms)
 GET / 200 in 30ms (compile: 2ms, render: 28ms)
 GET / 200 in 34ms (compile: 3ms, render: 32ms)
 GET /parsing-runs/c3e59c47-010e-4325-b131-3a8e86853d06 200 in 46ms (compile: 12ms, render: 35ms)
 GET / 200 in 35ms (compile: 4ms, render: 31ms)
 GET / 200 in 33ms (compile: 3ms, render: 30ms)
 GET / 200 in 34ms (compile: 3ms, render: 31ms)
 GET / 200 in 33ms (compile: 2ms, render: 31ms)
 GET / 200 in 45ms (compile: 3ms, render: 42ms)
 GET / 200 in 30ms (compile: 2ms, render: 28ms)
 GET / 200 in 31ms (compile: 3ms, render: 29ms)
 GET / 200 in 29ms (compile: 3ms, render: 27ms)
 GET / 200 in 37ms (compile: 3ms, render: 34ms)
 GET / 200 in 33ms (compile: 2ms, render: 31ms)
 GET /parsing-runs/c3e59c47-010e-4325-b131-3a8e86853d06 200 in 131ms (compile: 89ms, render: 42ms)
 GET /parsing-runs/c3e59c47-010e-4325-b131-3a8e86853d06 200 in 30ms (compile: 8ms, render: 22ms)
 GET / 200 in 104ms (compile: 10ms, render: 95ms)
 GET / 200 in 30ms (compile: 2ms, render: 27ms)
 GET / 200 in 36ms (compile: 3ms, render: 33ms)
 GET / 200 in 33ms (compile: 3ms, render: 31ms)
 GET / 200 in 36ms (compile: 4ms, render: 32ms)
 GET / 200 in 31ms (compile: 2ms, render: 29ms)
 GET /parsing-runs/c3e59c47-010e-4325-b131-3a8e86853d06 200 in 119ms (compile: 82ms, render: 37ms)
 GET /parsing-runs/c3e59c47-010e-4325-b131-3a8e86853d06 200 in 21ms (compile: 6ms, render: 15ms)
 GET / 200 in 103ms (compile: 10ms, render: 93ms)
 GET / 200 in 30ms (compile: 2ms, render: 28ms)
 GET / 200 in 28ms (compile: 2ms, render: 26ms)
 GET / 200 in 29ms (compile: 2ms, render: 27ms)
 GET / 200 in 33ms (compile: 3ms, render: 30ms)
 GET / 200 in 33ms (compile: 3ms, render: 30ms)
 GET / 200 in 35ms (compile: 3ms, render: 32ms)
 GET / 200 in 32ms (compile: 3ms, render: 29ms)
 GET / 200 in 34ms (compile: 3ms, render: 31ms)
 GET / 200 in 33ms (compile: 3ms, render: 30ms)
 GET / 200 in 32ms (compile: 3ms, render: 29ms)
 GET / 200 in 34ms (compile: 3ms, render: 31ms)
 GET / 200 in 41ms (compile: 6ms, render: 36ms)
 GET / 200 in 35ms (compile: 3ms, render: 32ms)
 GET / 200 in 34ms (compile: 4ms, render: 30ms)
 GET / 200 in 32ms (compile: 3ms, render: 29ms)
 GET / 200 in 34ms (compile: 4ms, render: 30ms)
 GET / 200 in 34ms (compile: 4ms, render: 31ms)
 GET / 200 in 33ms (compile: 3ms, render: 30ms)
 GET / 200 in 40ms (compile: 4ms, render: 37ms)
 GET / 200 in 74ms (compile: 11ms, render: 63ms)
 GET / 200 in 51ms (compile: 3ms, render: 48ms)
 GET / 200 in 30ms (compile: 3ms, render: 28ms)
 GET / 200 in 31ms (compile: 2ms, render: 29ms)
 GET / 200 in 32ms (compile: 2ms, render: 30ms)
 GET / 200 in 33ms (compile: 3ms, render: 30ms)
 GET / 200 in 34ms (compile: 3ms, render: 31ms)
 GET / 200 in 31ms (compile: 3ms, render: 28ms)
 GET / 200 in 31ms (compile: 3ms, render: 28ms)
 GET / 200 in 32ms (compile: 3ms, render: 29ms)
 GET / 200 in 30ms (compile: 3ms, render: 27ms)
 GET / 200 in 32ms (compile: 3ms, render: 29ms)
 GET / 200 in 33ms (compile: 3ms, render: 30ms)
 GET / 200 in 30ms (compile: 3ms, render: 26ms)
 GET / 200 in 30ms (compile: 3ms, render: 27ms)
 GET / 200 in 30ms (compile: 3ms, render: 27ms)
 GET / 200 in 31ms (compile: 3ms, render: 27ms)
 GET / 200 in 32ms (compile: 3ms, render: 29ms)
 GET / 200 in 32ms (compile: 3ms, render: 30ms)
 GET / 200 in 31ms (compile: 2ms, render: 29ms)
 GET / 200 in 50ms (compile: 4ms, render: 46ms)
 GET / 200 in 50ms (compile: 3ms, render: 48ms)
 GET / 200 in 50ms (compile: 4ms, render: 45ms)
 GET / 200 in 50ms (compile: 3ms, render: 47ms)
 GET / 200 in 39ms (compile: 4ms, render: 35ms)
 GET / 200 in 49ms (compile: 3ms, render: 47ms)
 GET / 200 in 35ms (compile: 3ms, render: 32ms)
 GET / 200 in 34ms (compile: 3ms, render: 31ms)
 GET / 200 in 35ms (compile: 4ms, render: 32ms)
 GET / 200 in 33ms (compile: 3ms, render: 29ms)
 GET / 200 in 33ms (compile: 3ms, render: 30ms)
 GET / 200 in 31ms (compile: 3ms, render: 28ms)
 GET / 200 in 35ms (compile: 3ms, render: 31ms)
 GET / 200 in 36ms (compile: 4ms, render: 32ms)
 GET / 200 in 66ms (compile: 12ms, render: 54ms)
 GET / 200 in 50ms (compile: 4ms, render: 46ms)
 GET / 200 in 33ms (compile: 3ms, render: 29ms)
 GET / 200 in 32ms (compile: 3ms, render: 29ms)
 GET / 200 in 60ms (compile: 13ms, render: 47ms)
 GET / 200 in 52ms (compile: 3ms, render: 49ms)
 GET / 200 in 29ms (compile: 2ms, render: 27ms)
 GET / 200 in 30ms (compile: 3ms, render: 27ms)
 GET / 200 in 32ms (compile: 3ms, render: 29ms)
 GET / 200 in 32ms (compile: 2ms, render: 30ms)
 GET / 200 in 184ms (compile: 76ms, render: 109ms)
 GET / 200 in 34ms (compile: 3ms, render: 32ms)
 GET / 200 in 38ms (compile: 3ms, render: 34ms)
 GET / 200 in 47ms (compile: 7ms, render: 40ms)
 GET / 200 in 32ms (compile: 3ms, render: 29ms)
 GET / 200 in 33ms (compile: 2ms, render: 31ms)
 GET /parsing-runs 200 in 54ms (compile: 10ms, render: 44ms)
 GET /parsing-runs/c3e59c47-010e-4325-b131-3a8e86853d06 200 in 37ms (compile: 21ms, render: 16ms)
 GET / 200 in 28ms (compile: 2ms, render: 26ms)
 GET / 200 in 30ms (compile: 2ms, render: 28ms)
 GET /suppliers 200 in 1070ms (compile: 922ms, render: 149ms)
 GET /parsing-runs/c3e59c47-010e-4325-b131-3a8e86853d06 200 in 52ms (compile: 18ms, render: 33ms)
 GET /parsing-runs/c3e59c47-010e-4325-b131-3a8e86853d06 200 in 85ms (compile: 3ms, render: 82ms)
 GET / 200 in 45ms (compile: 10ms, render: 35ms)
 GET / 200 in 38ms (compile: 3ms, render: 34ms)
 GET / 200 in 47ms (compile: 3ms, render: 44ms)
 GET / 200 in 31ms (compile: 3ms, render: 28ms)
⚠ Fast Refresh had to perform a full reload when r-dashboard-ui\\app\\parsing-runs\\[runId]\\page.tsx","ids":[]} changed. Read more: https://nextjs.org/docs/messages/fast-refresh-reload
⨯ Error: The default export is not a React Component in "/parsing-runs/[runId]/page"
    at ignore-listed frames
⨯ Error: The default export is not a React Component in "/parsing-runs/[runId]/page"
    at ignore-listed frames {
  page: '/parsing-runs/c3e59c47-010e-4325-b131-3a8e86853d06'
}
⨯ Error: The default export is not a React Component in "/parsing-runs/[runId]/page"
    at ignore-listed frames
⨯ Error: The default export is not a React Component in "/parsing-runs/[runId]/page"
    at ignore-listed frames {
  page: '/parsing-runs/c3e59c47-010e-4325-b131-3a8e86853d06'
}
 GET /suppliers 200 in 522ms (compile: 30ms, render: 492ms)
 GET /parsing-runs/c3e59c47-010e-4325-b131-3a8e86853d06 500 in 2.6s (compile: 2.4s, render: 201ms)
 GET /parsing-runs/c3e59c47-010e-4325-b131-3a8e86853d06 500 in 1444ms (compile: 1243ms, render: 201ms)
 GET /suppliers 200 in 846ms (compile: 784ms, render: 63ms)
 GET /suppliers 200 in 31ms (compile: 10ms, render: 21ms)
 GET /suppliers 200 in 89ms (compile: 3ms, render: 86ms)
 GET / 200 in 72ms (compile: 15ms, render: 57ms)
 GET / 200 in 34ms (compile: 3ms, render: 32ms)
⨯ Error: The default export is not a React Component in "/parsing-runs/[runId]/page"
    at ignore-listed frames
⨯ Error: The default export is not a React Component in "/parsing-runs/[runId]/page"
    at ignore-listed frames {
  page: '/parsing-runs/c3e59c47-010e-4325-b131-3a8e86853d06'
}
 GET /parsing-runs/c3e59c47-010e-4325-b131-3a8e86853d06 500 in 508ms (compile: 500ms, render: 8ms)
 GET / 200 in 37ms (compile: 5ms, render: 32ms)
 GET / 200 in 37ms (compile: 4ms, render: 34ms)
⚠ Fast Refresh had to perform a full reload due to a runtime error.
⚠ Fast Refresh had to perform a full reload due to a runtime error.
 GET /parsing-runs/c3e59c47-010e-4325-b131-3a8e86853d06 200 in 375ms (compile: 206ms, render: 169ms)
 GET /suppliers 200 in 60ms (compile: 11ms, render: 49ms)
 GET /parsing-runs/c3e59c47-010e-4325-b131-3a8e86853d06 200 in 60ms (compile: 27ms, render: 34ms)
 GET /suppliers 200 in 36ms (compile: 3ms, render: 33ms)
 GET / 200 in 59ms (compile: 15ms, render: 44ms)
 GET / 200 in 33ms (compile: 3ms, render: 30ms)
 GET / 200 in 33ms (compile: 4ms, render: 29ms)
 GET / 200 in 35ms (compile: 3ms, render: 32ms)
 GET /suppliers 200 in 126ms (compile: 63ms, render: 63ms)
 GET /parsing-runs/c3e59c47-010e-4325-b131-3a8e86853d06 200 in 126ms (compile: 103ms, render: 23ms)
 GET / 200 in 110ms (compile: 8ms, render: 102ms)
 GET / 200 in 33ms (compile: 3ms, render: 31ms)
 GET / 200 in 30ms (compile: 3ms, render: 28ms)
 GET / 200 in 31ms (compile: 2ms, render: 29ms)
 GET / 200 in 32ms (compile: 2ms, render: 29ms)
 GET / 200 in 36ms (compile: 4ms, render: 32ms)
 GET / 200 in 31ms (compile: 3ms, render: 28ms)
 GET / 200 in 34ms (compile: 4ms, render: 30ms)
 GET / 200 in 40ms (compile: 4ms, render: 36ms)
 GET / 200 in 50ms (compile: 4ms, render: 46ms)
 GET / 200 in 63ms (compile: 10ms, render: 53ms)
 GET /parsing-runs/c3e59c47-010e-4325-b131-3a8e86853d06 200 in 141ms (compile: 19ms, render: 121ms)
 GET / 200 in 42ms (compile: 3ms, render: 40ms)
 GET / 200 in 51ms (compile: 10ms, render: 41ms)
 GET / 200 in 67ms (compile: 10ms, render: 57ms)
 GET / 200 in 188ms (compile: 173ms, render: 15ms)
 GET / 200 in 73ms (compile: 2ms, render: 70ms)
 GET / 200 in 33ms (compile: 2ms, render: 31ms)
 GET / 200 in 42ms (compile: 3ms, render: 38ms)
 GET /parsing-runs 200 in 53ms (compile: 10ms, render: 43ms)
 GET /parsing-runs/a0097613-61ab-4831-8d48-ef9c8cbfac8b 200 in 33ms (compile: 20ms, render: 14ms)
 GET /parsing-runs/c3e59c47-010e-4325-b131-3a8e86853d06 200 in 27ms (compile: 11ms, render: 16ms)
 GET / 200 in 31ms (compile: 2ms, render: 28ms)
 GET /suppliers 200 in 49ms (compile: 9ms, render: 40ms)
 GET / 200 in 32ms (compile: 2ms, render: 29ms)
 GET / 200 in 48ms (compile: 3ms, render: 45ms)
 GET / 200 in 43ms (compile: 3ms, render: 40ms)
 GET /parsing-runs/c3e59c47-010e-4325-b131-3a8e86853d06 200 in 77ms (compile: 9ms, render: 68ms)
 GET / 200 in 30ms (compile: 2ms, render: 28ms)
 GET / 200 in 31ms (compile: 2ms, render: 28ms)
 GET /suppliers 200 in 31ms (compile: 2ms, render: 29ms)
 GET / 200 in 34ms (compile: 3ms, render: 30ms)
 GET / 200 in 33ms (compile: 3ms, render: 30ms)
 GET / 200 in 39ms (compile: 3ms, render: 36ms)
 GET / 200 in 30ms (compile: 2ms, render: 27ms)
 GET / 200 in 53ms (compile: 11ms, render: 42ms)
 GET / 200 in 47ms (compile: 3ms, render: 44ms)
 GET / 200 in 31ms (compile: 2ms, render: 28ms)
 GET / 200 in 32ms (compile: 3ms, render: 30ms)
 GET / 200 in 35ms (compile: 2ms, render: 33ms)
 GET / 200 in 36ms (compile: 3ms, render: 33ms)
 GET / 200 in 32ms (compile: 2ms, render: 29ms)
 GET / 200 in 31ms (compile: 3ms, render: 28ms)
 GET / 200 in 31ms (compile: 3ms, render: 28ms)
 GET / 200 in 36ms (compile: 3ms, render: 33ms)
 GET / 200 in 33ms (compile: 3ms, render: 31ms)
 GET / 200 in 31ms (compile: 3ms, render: 27ms)
 GET / 200 in 34ms (compile: 3ms, render: 31ms)
 GET / 200 in 33ms (compile: 4ms, render: 29ms)
 GET / 200 in 31ms (compile: 3ms, render: 29ms)
 GET / 200 in 32ms (compile: 2ms, render: 30ms)
 GET / 200 in 32ms (compile: 2ms, render: 30ms)
 GET / 200 in 33ms (compile: 3ms, render: 30ms)
 GET / 200 in 33ms (compile: 2ms, render: 30ms)
 GET / 200 in 32ms (compile: 3ms, render: 29ms)
 GET / 200 in 31ms (compile: 3ms, render: 28ms)
 GET / 200 in 30ms (compile: 3ms, render: 28ms)
 GET / 200 in 43ms (compile: 3ms, render: 40ms)
 GET / 200 in 34ms (compile: 3ms, render: 31ms)
 GET / 200 in 32ms (compile: 2ms, render: 29ms)
 GET / 200 in 32ms (compile: 3ms, render: 28ms)
 GET / 200 in 30ms (compile: 2ms, render: 28ms)
 GET / 200 in 31ms (compile: 2ms, render: 28ms)
 GET / 200 in 32ms (compile: 3ms, render: 30ms)
 GET / 200 in 31ms (compile: 2ms, render: 28ms)
 GET / 200 in 30ms (compile: 2ms, render: 28ms)
 GET / 200 in 31ms (compile: 3ms, render: 29ms)
 GET / 200 in 32ms (compile: 3ms, render: 29ms)
 GET / 200 in 32ms (compile: 3ms, render: 29ms)
 GET / 200 in 30ms (compile: 3ms, render: 27ms)
 GET / 200 in 31ms (compile: 4ms, render: 28ms)
 GET / 200 in 30ms (compile: 2ms, render: 27ms)
 GET / 200 in 31ms (compile: 3ms, render: 28ms)
 GET / 200 in 30ms (compile: 2ms, render: 28ms)
 GET / 200 in 30ms (compile: 3ms, render: 27ms)
 GET / 200 in 31ms (compile: 4ms, render: 27ms)
 GET / 200 in 35ms (compile: 3ms, render: 31ms)
 GET / 200 in 32ms (compile: 3ms, render: 29ms)
 GET / 200 in 34ms (compile: 4ms, render: 30ms)
 GET / 200 in 32ms (compile: 3ms, render: 29ms)
 GET / 200 in 32ms (compile: 4ms, render: 29ms)
 GET / 200 in 31ms (compile: 3ms, render: 27ms)
 GET / 200 in 32ms (compile: 3ms, render: 28ms)
 GET / 200 in 32ms (compile: 4ms, render: 29ms)
 GET / 200 in 32ms (compile: 3ms, render: 29ms)
 GET / 200 in 33ms (compile: 3ms, render: 29ms)
 GET / 200 in 33ms (compile: 3ms, render: 30ms)
 GET / 200 in 34ms (compile: 3ms, render: 30ms)
 GET / 200 in 32ms (compile: 3ms, render: 29ms)
 GET / 200 in 32ms (compile: 3ms, render: 29ms)
 GET / 200 in 33ms (compile: 3ms, render: 29ms)
 GET / 200 in 31ms (compile: 3ms, render: 28ms)
 GET / 200 in 32ms (compile: 3ms, render: 29ms)
 GET / 200 in 34ms (compile: 2ms, render: 32ms)
 GET / 200 in 33ms (compile: 2ms, render: 30ms)
 GET / 200 in 31ms (compile: 2ms, render: 28ms)
 GET / 200 in 33ms (compile: 3ms, render: 30ms)
 GET / 200 in 33ms (compile: 2ms, render: 30ms)
 GET / 200 in 31ms (compile: 3ms, render: 29ms)
 GET / 200 in 31ms (compile: 2ms, render: 28ms)
 GET / 200 in 31ms (compile: 2ms, render: 28ms)
 GET / 200 in 30ms (compile: 2ms, render: 27ms)
 GET / 200 in 31ms (compile: 3ms, render: 27ms)
 GET / 200 in 32ms (compile: 4ms, render: 28ms)
 GET / 200 in 32ms (compile: 3ms, render: 28ms)
 GET / 200 in 31ms (compile: 3ms, render: 27ms)
 GET / 200 in 33ms (compile: 4ms, render: 29ms)
 GET / 200 in 32ms (compile: 3ms, render: 29ms)
 GET / 200 in 31ms (compile: 3ms, render: 28ms)
 GET / 200 in 31ms (compile: 4ms, render: 27ms)
 GET / 200 in 32ms (compile: 4ms, render: 28ms)
 GET / 200 in 34ms (compile: 3ms, render: 31ms)
 GET / 200 in 32ms (compile: 4ms, render: 28ms)
 GET / 200 in 32ms (compile: 4ms, render: 28ms)
 GET / 200 in 31ms (compile: 3ms, render: 28ms)
 GET / 200 in 31ms (compile: 3ms, render: 28ms)
 GET / 200 in 31ms (compile: 3ms, render: 28ms)
 GET / 200 in 31ms (compile: 3ms, render: 28ms)
 GET / 200 in 34ms (compile: 3ms, render: 31ms)
 GET / 200 in 32ms (compile: 3ms, render: 28ms)
 GET / 200 in 31ms (compile: 3ms, render: 28ms)
 GET / 200 in 32ms (compile: 3ms, render: 29ms)
 GET / 200 in 32ms (compile: 3ms, render: 29ms)
 GET / 200 in 32ms (compile: 3ms, render: 29ms)
 GET / 200 in 32ms (compile: 4ms, render: 28ms)
 GET / 200 in 32ms (compile: 3ms, render: 28ms)
 GET / 200 in 34ms (compile: 3ms, render: 30ms)
 GET / 200 in 32ms (compile: 3ms, render: 29ms)
 GET / 200 in 47ms (compile: 5ms, render: 42ms)
 GET / 200 in 34ms (compile: 4ms, render: 30ms)
 GET / 200 in 31ms (compile: 3ms, render: 28ms)
 GET / 200 in 31ms (compile: 3ms, render: 28ms)
 GET / 200 in 32ms (compile: 3ms, render: 29ms)
 GET / 200 in 32ms (compile: 3ms, render: 29ms)
 GET / 200 in 33ms (compile: 3ms, render: 30ms)
 GET / 200 in 31ms (compile: 3ms, render: 28ms)
 GET / 200 in 35ms (compile: 4ms, render: 31ms)
 GET / 200 in 31ms (compile: 3ms, render: 28ms)
 GET / 200 in 32ms (compile: 3ms, render: 29ms)
 GET / 200 in 31ms (compile: 4ms, render: 28ms)
 GET / 200 in 33ms (compile: 3ms, render: 29ms)
 GET / 200 in 35ms (compile: 4ms, render: 31ms)
 GET / 200 in 32ms (compile: 3ms, render: 29ms)
 GET / 200 in 31ms (compile: 2ms, render: 29ms)
 GET / 200 in 34ms (compile: 3ms, render: 31ms)
 GET / 200 in 32ms (compile: 3ms, render: 30ms)
 GET / 200 in 34ms (compile: 3ms, render: 31ms)
 GET / 200 in 35ms (compile: 4ms, render: 31ms)
 GET / 200 in 33ms (compile: 3ms, render: 30ms)
 GET / 200 in 34ms (compile: 4ms, render: 30ms)
 GET / 200 in 35ms (compile: 3ms, render: 32ms)
 GET / 200 in 36ms (compile: 3ms, render: 33ms)
 GET / 200 in 35ms (compile: 2ms, render: 32ms)
 GET / 200 in 50ms (compile: 3ms, render: 46ms)
 GET / 200 in 53ms (compile: 4ms, render: 49ms)
 GET / 200 in 37ms (compile: 3ms, render: 33ms)
 GET / 200 in 37ms (compile: 4ms, render: 33ms)
 GET / 200 in 31ms (compile: 3ms, render: 28ms)
 GET / 200 in 32ms (compile: 3ms, render: 29ms)
 GET / 200 in 31ms (compile: 3ms, render: 28ms)
 GET / 200 in 31ms (compile: 3ms, render: 28ms)
 GET / 200 in 31ms (compile: 2ms, render: 29ms)
 GET / 200 in 33ms (compile: 3ms, render: 30ms)
 GET /parsing-runs/c3e59c47-010e-4325-b131-3a8e86853d06 200 in 56ms (compile: 14ms, render: 43ms)
 GET / 200 in 39ms (compile: 3ms, render: 36ms)
 GET / 200 in 31ms (compile: 2ms, render: 29ms)
 GET / 200 in 48ms (compile: 10ms, render: 38ms)
 GET / 200 in 51ms (compile: 10ms, render: 41ms)
 GET / 200 in 32ms (compile: 3ms, render: 29ms)
 GET / 200 in 34ms (compile: 3ms, render: 31ms)
 GET / 200 in 34ms (compile: 4ms, render: 31ms)
 GET / 200 in 32ms (compile: 3ms, render: 30ms)
 GET /suppliers 200 in 38ms (compile: 3ms, render: 35ms)
 GET / 200 in 30ms (compile: 2ms, render: 27ms)
 GET / 200 in 33ms (compile: 3ms, render: 30ms)
 GET / 200 in 33ms (compile: 4ms, render: 29ms)
 GET / 200 in 31ms (compile: 3ms, render: 28ms)
 GET / 200 in 37ms (compile: 3ms, render: 34ms)
 GET / 200 in 37ms (compile: 2ms, render: 35ms)
 GET / 200 in 32ms (compile: 2ms, render: 30ms)
 GET / 200 in 33ms (compile: 3ms, render: 31ms)
 GET / 200 in 37ms (compile: 3ms, render: 34ms)
 GET / 200 in 40ms (compile: 3ms, render: 37ms)
 GET / 200 in 33ms (compile: 3ms, render: 30ms)
 GET / 200 in 38ms (compile: 3ms, render: 35ms)
 GET / 200 in 55ms (compile: 4ms, render: 51ms)
 GET / 200 in 46ms (compile: 3ms, render: 43ms)
 GET /suppliers 200 in 311ms (compile: 179ms, render: 131ms)
 GET /parsing-runs/c3e59c47-010e-4325-b131-3a8e86853d06 200 in 296ms (compile: 227ms, render: 69ms)
 GET / 200 in 111ms (compile: 14ms, render: 96ms)
 GET / 200 in 30ms (compile: 2ms, render: 27ms)
 GET / 200 in 31ms (compile: 4ms, render: 27ms)
 GET / 200 in 35ms (compile: 4ms, render: 31ms)
 GET / 200 in 32ms (compile: 3ms, render: 29ms)
 GET /parsing-runs/c3e59c47-010e-4325-b131-3a8e86853d06 200 in 81ms (compile: 10ms, render: 71ms)
 GET /suppliers 200 in 39ms (compile: 2ms, render: 37ms)
 GET / 200 in 33ms (compile: 3ms, render: 30ms)
 GET / 200 in 52ms (compile: 3ms, render: 49ms)
 GET / 200 in 45ms (compile: 3ms, render: 42ms)
 GET / 200 in 52ms (compile: 3ms, render: 49ms)
 GET / 200 in 36ms (compile: 3ms, render: 33ms)
 GET / 200 in 31ms (compile: 2ms, render: 28ms)
 GET / 200 in 31ms (compile: 4ms, render: 28ms)
 GET /suppliers 200 in 32ms (compile: 4ms, render: 29ms)
 GET /suppliers 200 in 32ms (compile: 2ms, render: 30ms)
 GET /parsing-runs/c3e59c47-010e-4325-b131-3a8e86853d06 200 in 40ms (compile: 10ms, render: 30ms)
 GET / 200 in 31ms (compile: 3ms, render: 27ms)
 GET / 200 in 29ms (compile: 2ms, render: 26ms)
 GET / 200 in 48ms (compile: 3ms, render: 45ms)
 GET / 200 in 48ms (compile: 3ms, render: 45ms)
 GET / 200 in 48ms (compile: 4ms, render: 44ms)
 GET / 200 in 45ms (compile: 4ms, render: 42ms)
 GET / 200 in 32ms (compile: 3ms, render: 29ms)
 GET / 200 in 34ms (compile: 3ms, render: 30ms)
 GET / 200 in 34ms (compile: 3ms, render: 31ms)
 GET / 200 in 31ms (compile: 2ms, render: 29ms)
 GET /parsing-runs/c3e59c47-010e-4325-b131-3a8e86853d06 200 in 45ms (compile: 11ms, render: 34ms)
 GET / 200 in 37ms (compile: 4ms, render: 34ms)
 GET /suppliers 200 in 31ms (compile: 2ms, render: 28ms)
 GET / 200 in 34ms (compile: 3ms, render: 31ms)
 GET / 200 in 32ms (compile: 2ms, render: 30ms)
 GET / 200 in 33ms (compile: 3ms, render: 30ms)
 GET / 200 in 32ms (compile: 2ms, render: 29ms)
 GET / 200 in 36ms (compile: 3ms, render: 32ms)
 GET / 200 in 34ms (compile: 2ms, render: 31ms)
 GET / 200 in 32ms (compile: 3ms, render: 29ms)
 GET / 200 in 36ms (compile: 3ms, render: 32ms)
 GET / 200 in 69ms (compile: 6ms, render: 63ms)
 GET / 200 in 53ms (compile: 3ms, render: 51ms)
 GET / 200 in 65ms (compile: 4ms, render: 61ms)
 GET / 200 in 35ms (compile: 4ms, render: 31ms)
 GET / 200 in 38ms (compile: 4ms, render: 34ms)
 GET /suppliers 200 in 155ms (compile: 87ms, render: 68ms)
 GET /parsing-runs/c3e59c47-010e-4325-b131-3a8e86853d06 200 in 152ms (compile: 127ms, render: 24ms)
 GET / 200 in 107ms (compile: 11ms, render: 96ms)
 GET / 200 in 36ms (compile: 2ms, render: 34ms)
 GET / 200 in 29ms (compile: 2ms, render: 27ms)
 GET / 200 in 31ms (compile: 4ms, render: 27ms)
 GET / 200 in 33ms (compile: 3ms, render: 30ms)
 GET / 200 in 36ms (compile: 2ms, render: 33ms)
 GET / 200 in 36ms (compile: 3ms, render: 34ms)
 GET / 200 in 40ms (compile: 4ms, render: 36ms)
 GET / 200 in 33ms (compile: 2ms, render: 30ms)
 GET / 200 in 36ms (compile: 3ms, render: 33ms)
 GET / 200 in 34ms (compile: 3ms, render: 31ms)
 GET / 200 in 40ms (compile: 3ms, render: 36ms)
 GET / 200 in 33ms (compile: 2ms, render: 30ms)
 GET / 200 in 32ms (compile: 2ms, render: 29ms)
 GET / 200 in 33ms (compile: 3ms, render: 30ms)
 GET / 200 in 35ms (compile: 3ms, render: 32ms)
 GET / 200 in 32ms (compile: 2ms, render: 30ms)
 GET / 200 in 30ms (compile: 2ms, render: 28ms)
 GET / 200 in 34ms (compile: 3ms, render: 32ms)
 GET / 200 in 34ms (compile: 2ms, render: 32ms)
 GET /parsing-runs/c3e59c47-010e-4325-b131-3a8e86853d06 200 in 86ms (compile: 11ms, render: 75ms)
 GET / 200 in 31ms (compile: 2ms, render: 29ms)
 GET / 200 in 35ms (compile: 4ms, render: 32ms)
 GET / 200 in 32ms (compile: 2ms, render: 30ms)
 GET /parsing-runs/c3e59c47-010e-4325-b131-3a8e86853d06 200 in 42ms (compile: 10ms, render: 32ms)
 GET / 200 in 36ms (compile: 3ms, render: 33ms)
 GET / 200 in 30ms (compile: 2ms, render: 28ms)
 GET / 200 in 35ms (compile: 4ms, render: 31ms)
 GET / 200 in 34ms (compile: 3ms, render: 31ms)
 GET / 200 in 32ms (compile: 2ms, render: 29ms)
 GET / 200 in 33ms (compile: 2ms, render: 30ms)
 GET / 200 in 33ms (compile: 2ms, render: 31ms)
 GET / 200 in 34ms (compile: 3ms, render: 31ms)
 GET / 200 in 34ms (compile: 3ms, render: 32ms)
 GET / 200 in 34ms (compile: 3ms, render: 32ms)
 GET / 200 in 32ms (compile: 2ms, render: 30ms)
