[Frontend] Starting...
[Frontend] Starting Next.js on port 3000...

> moderator-dashboard-ui@1.0.0 dev
> next dev --webpack

▲ Next.js 16.1.1 (webpack)
- Local:         http://localhost:3000
- Network:       http://192.168.1.108:3000
- Environments: .env.local

✓ Starting...
✓ Ready in 1581ms
 GET / 200 in 88ms (compile: 8ms, render: 79ms)
 GET / 200 in 38ms (compile: 4ms, render: 34ms)
 GET / 200 in 31ms (compile: 3ms, render: 28ms)
 GET / 200 in 34ms (compile: 3ms, render: 30ms)
 GET / 200 in 42ms (compile: 4ms, render: 38ms)
 GET / 200 in 36ms (compile: 3ms, render: 33ms)
 GET / 200 in 38ms (compile: 3ms, render: 35ms)
 GET / 200 in 39ms (compile: 4ms, render: 35ms)
 GET / 200 in 40ms (compile: 3ms, render: 36ms)
 GET / 200 in 36ms (compile: 3ms, render: 33ms)
 GET / 200 in 44ms (compile: 5ms, render: 39ms)
 GET /parsing-runs/a0097613-61ab-4831-8d48-ef9c8cbfac8b 200 in 1561ms (compile: 1517ms, render: 44ms)
 GET /parsing-runs/a0097613-61ab-4831-8d48-ef9c8cbfac8b 200 in 37ms (compile: 14ms, render: 23ms)
 GET /parsing-runs/a0097613-61ab-4831-8d48-ef9c8cbfac8b 200 in 23ms (compile: 5ms, render: 18ms)
 GET / 200 in 134ms (compile: 14ms, render: 120ms)
 GET / 200 in 40ms (compile: 4ms, render: 36ms)
 GET / 200 in 37ms (compile: 4ms, render: 33ms)
 GET / 200 in 40ms (compile: 5ms, render: 34ms)
 GET / 200 in 43ms (compile: 5ms, render: 38ms)
 GET / 200 in 51ms (compile: 3ms, render: 48ms)
 GET / 200 in 37ms (compile: 3ms, render: 34ms)
 GET / 200 in 34ms (compile: 3ms, render: 31ms)
 GET / 200 in 37ms (compile: 3ms, render: 34ms)
 GET / 200 in 36ms (compile: 3ms, render: 32ms)
 GET / 200 in 51ms (compile: 3ms, render: 48ms)
 GET / 200 in 39ms (compile: 3ms, render: 36ms)
 GET / 200 in 38ms (compile: 3ms, render: 35ms)
 GET / 200 in 35ms (compile: 3ms, render: 32ms)
 GET / 200 in 34ms (compile: 3ms, render: 32ms)
 GET / 200 in 35ms (compile: 2ms, render: 32ms)
 GET / 200 in 48ms (compile: 3ms, render: 45ms)
 GET / 200 in 36ms (compile: 4ms, render: 32ms)
 GET / 200 in 34ms (compile: 3ms, render: 32ms)
 GET / 200 in 35ms (compile: 3ms, render: 32ms)
 GET / 200 in 41ms (compile: 3ms, render: 38ms)
 GET / 200 in 36ms (compile: 3ms, render: 33ms)
 GET / 200 in 36ms (compile: 3ms, render: 33ms)
 GET / 200 in 37ms (compile: 3ms, render: 34ms)
 GET / 200 in 35ms (compile: 3ms, render: 32ms)
 GET / 200 in 31ms (compile: 2ms, render: 29ms)
 GET / 200 in 46ms (compile: 3ms, render: 43ms)
 GET / 200 in 41ms (compile: 3ms, render: 38ms)
 GET / 200 in 39ms (compile: 4ms, render: 36ms)
 GET / 200 in 40ms (compile: 3ms, render: 37ms)
 GET / 200 in 45ms (compile: 3ms, render: 42ms)
 GET / 200 in 36ms (compile: 3ms, render: 34ms)
 GET / 200 in 38ms (compile: 3ms, render: 36ms)
 GET / 200 in 32ms (compile: 2ms, render: 30ms)
 GET / 200 in 42ms (compile: 3ms, render: 39ms)
 GET / 200 in 32ms (compile: 2ms, render: 30ms)
 GET / 404 in 680ms (compile: 608ms, render: 72ms)
 GET / 200 in 77ms (compile: 11ms, render: 65ms)
 GET / 200 in 28ms (compile: 2ms, render: 26ms)
 GET / 200 in 28ms (compile: 3ms, render: 25ms)
 GET / 200 in 30ms (compile: 2ms, render: 28ms)
 GET / 200 in 33ms (compile: 3ms, render: 30ms)
 GET / 200 in 35ms (compile: 3ms, render: 32ms)
 GET / 200 in 32ms (compile: 3ms, render: 29ms)
 GET / 200 in 33ms (compile: 3ms, render: 30ms)
 GET / 200 in 32ms (compile: 3ms, render: 29ms)
 GET / 200 in 31ms (compile: 2ms, render: 28ms)
 GET / 200 in 32ms (compile: 3ms, render: 29ms)
 GET / 200 in 32ms (compile: 3ms, render: 30ms)
 GET / 200 in 40ms (compile: 3ms, render: 37ms)
 GET / 200 in 43ms (compile: 3ms, render: 40ms)
 GET / 200 in 38ms (compile: 3ms, render: 36ms)
 GET / 200 in 33ms (compile: 2ms, render: 30ms)
 GET / 200 in 44ms (compile: 5ms, render: 39ms)
⚠ Fast Refresh had to perform a full reload. Read more: https://nextjs.org/docs/messages/fast-refresh-reload
⚠ Fast Refresh had to perform a full reload. Read more: https://nextjs.org/docs/messages/fast-refresh-reload
○ Compiling /_error ...
 GET /parsing-runs/a0097613-61ab-4831-8d48-ef9c8cbfac8b 404 in 3.6s (compile: 3.4s, render: 267ms)
 GET / 200 in 1770ms (compile: 1619ms, render: 151ms)
⚠ Fast Refresh had to perform a full reload. Read more: https://nextjs.org/docs/messages/fast-refresh-reload
 GET /parsing-runs/a0097613-61ab-4831-8d48-ef9c8cbfac8b 200 in 132ms (compile: 38ms, render: 94ms)
 GET /parsing-runs/a0097613-61ab-4831-8d48-ef9c8cbfac8b 200 in 144ms (compile: 11ms, render: 133ms)
 GET /parsing-runs/a0097613-61ab-4831-8d48-ef9c8cbfac8b 200 in 149ms (compile: 13ms, render: 136ms)
⨯ Failed to generate static paths for /parsing-runs/[runId]:
Error: Cannot find module './vendor-chunks/react-remove-scroll.js'
Require stack:
- d:\tryagain\frontend\moderator-dashboard-ui\.next\dev\server\webpack-runtime.js
- d:\tryagain\frontend\moderator-dashboard-ui\.next\dev\server\app\parsing-runs\[runId]\page.js
- d:\tryagain\frontend\moderator-dashboard-ui\node_modules\next\dist\server\require.js
- d:\tryagain\frontend\moderator-dashboard-ui\node_modules\next\dist\server\load-components.js
- d:\tryagain\frontend\moderator-dashboard-ui\node_modules\next\dist\server\dev\static-paths-worker.js
- d:\tryagain\frontend\moderator-dashboard-ui\node_modules\next\dist\compiled\jest-worker\processChild.js
    at ignore-listed frames {
  type: 'Error',
  code: 'MODULE_NOT_FOUND',
  requireStack: [Array]
}
⨯ Failed to generate static paths for /parsing-runs/[runId]:
Error: Cannot find module './vendor-chunks/react-remove-scroll.js'
Require stack:
- d:\tryagain\frontend\moderator-dashboard-ui\.next\dev\server\webpack-runtime.js
- d:\tryagain\frontend\moderator-dashboard-ui\.next\dev\server\app\parsing-runs\[runId]\page.js
- d:\tryagain\frontend\moderator-dashboard-ui\node_modules\next\dist\server\require.js
- d:\tryagain\frontend\moderator-dashboard-ui\node_modules\next\dist\server\load-components.js
- d:\tryagain\frontend\moderator-dashboard-ui\node_modules\next\dist\server\dev\static-paths-worker.js
- d:\tryagain\frontend\moderator-dashboard-ui\node_modules\next\dist\compiled\jest-worker\processChild.js
    at ignore-listed frames {
  type: 'Error',
  code: 'MODULE_NOT_FOUND',
  requireStack: [Array]
}
⨯ Failed to generate static paths for /parsing-runs/[runId]:
Error: Cannot find module './vendor-chunks/react-remove-scroll.js'
Require stack:
- d:\tryagain\frontend\moderator-dashboard-ui\.next\dev\server\webpack-runtime.js
- d:\tryagain\frontend\moderator-dashboard-ui\.next\dev\server\app\parsing-runs\[runId]\page.js
- d:\tryagain\frontend\moderator-dashboard-ui\node_modules\next\dist\server\require.js
- d:\tryagain\frontend\moderator-dashboard-ui\node_modules\next\dist\server\load-components.js
- d:\tryagain\frontend\moderator-dashboard-ui\node_modules\next\dist\server\dev\static-paths-worker.js
- d:\tryagain\frontend\moderator-dashboard-ui\node_modules\next\dist\compiled\jest-worker\processChild.js
    at ignore-listed frames {
  type: 'Error',
  code: 'MODULE_NOT_FOUND',
  requireStack: [Array]
}
 GET / 200 in 77ms (compile: 24ms, render: 53ms)
 GET / 200 in 33ms (compile: 3ms, render: 31ms)
⨯ Error: Cannot find module './vendor-chunks/react-remove-scroll.js'
Require stack:
- d:\tryagain\frontend\moderator-dashboard-ui\.next\dev\server\webpack-runtime.js
- d:\tryagain\frontend\moderator-dashboard-ui\.next\dev\server\app\parsing-runs\[runId]\page.js
- d:\tryagain\frontend\moderator-dashboard-ui\node_modules\next\dist\server\require.js
- d:\tryagain\frontend\moderator-dashboard-ui\node_modules\next\dist\server\load-components.js
- d:\tryagain\frontend\moderator-dashboard-ui\node_modules\next\dist\server\dev\static-paths-worker.js
- d:\tryagain\frontend\moderator-dashboard-ui\node_modules\next\dist\compiled\jest-worker\processChild.js
    at ignore-listed frames {
  type: 'Error',
  code: 'MODULE_NOT_FOUND',
  requireStack: [Array],
  page: '/parsing-runs/a0097613-61ab-4831-8d48-ef9c8cbfac8b'
}
 GET /parsing-runs/a0097613-61ab-4831-8d48-ef9c8cbfac8b 500 in 619ms (compile: 390ms, render: 230ms)
 GET / 200 in 28ms (compile: 3ms, render: 26ms)
 GET / 200 in 30ms (compile: 3ms, render: 28ms)
 GET / 200 in 31ms (compile: 3ms, render: 28ms)
 GET / 200 in 29ms (compile: 3ms, render: 26ms)
[?25h
