[Frontend] Starting...
[Frontend] Starting Next.js on port 3000...

> moderator-dashboard-ui@1.0.0 dev
> next dev

⚠ Warning: Next.js inferred your workspace root, but it may not be correct.
 We detected multiple lockfiles and selected the directory of d:\tryagain\package-lock.json as the root directory.
 To silence this warning, set `turbopack.root` in your Next.js config, or consider removing one of the lockfiles if it's not needed.
   See https://nextjs.org/docs/app/api-reference/config/next-config-js/turbopack#root-directory for more information.
 Detected additional lockfiles: 
   * d:\tryagain\frontend\moderator-dashboard-ui\package-lock.json

▲ Next.js 16.1.1 (Turbopack)
- Local:         http://localhost:3000
- Network:       http://192.168.1.108:3000
- Environments: .env.local

✓ Starting...
✓ Ready in 793ms
○ Compiling / ...


#
# Fatal process out of memory: Zone
#
----- Native stack trace -----

 1: 00007FF7B9261477 
 2: 00007FF7B91320DF 
 3: 00007FF7BA430866 
 4: 00007FF7B9DB72B1 
 5: 00007FF7B9899CBB 
 6: 00007FF7BA5A2F47 
 7: 00007FF7BA5A33B7 
 8: 00007FF7BA54893A 
 9: 00007FF7BA5494BB 
10: 00007FF7BA551392 
11: 00007FF7BA54AC9A 
12: 00007FF7B9D345E4 
13: 00007FF7B9CFB1C2 
14: 00007FF7B9FBC116 
15: 00007FF7B9134E80 
16: 00007FF7B92C1483 
17: 00007FF7BAB48E9B 
18: 00007FFDEC8DE8D7 
19: 00007FFDEDF4C53C 

<--- Last few GCs --->

[26296:0000022A68371000]       51 ms: Mark-Compact (reduce) 4.9 (7.6) -> 4.6 (6.4) MB, pooled: 0 MB, 2.74 / 0.00 ms  (average mu = 0.944, current mu = 0.944) last resort; GC in old space requested
[26296:0000022A68371000]       53 ms: Mark-Compact (reduce) 4.6 (6.4) -> 4.6 (6.4) MB, pooled: 0 MB, 2.39 / 0.00 ms  (average mu = 0.900, current mu = 0.007) last resort; GC in old space requested


<--- JS stacktrace --->

FATAL ERROR: Committing semi space failed. Allocation failed - JavaScript heap out of memory
----- Native stack trace -----

 1: 00007FF7B9261477 
 2: 00007FF7B91C1EAB 
 3: 00007FF7B9DCA921 
 4: 00007FF7B9DB74A6 
 5: 00007FF7B9C13BF0 
 6: 00007FF7B9BCB84D 
 7: 00007FF7B9C1CE33 
 8: 00007FF7B9C0CCBD 
 9: 00007FF7B9C08875 
10: 00007FF7B95922CD 
11: 7FF8000000000000 


#
# Fatal process out of memory: Zone
#
----- Native stack trace -----

 1: 00007FF7B9261477 node::SetCppgcReference+18247
 2: 00007FF7B91320DF node::TriggerNodeReport+71583
 3: 00007FF7BA430866 v8::base::FatalOOM+54
 4: 00007FF7B9DB72B1 v8::Function::Experimental_IsNopFunction+2801
 5: 00007FF7B9899CBB v8::SnapshotCreator::GetIsolate+50059
 6: 00007FF7BA9C83B2 v8::internal::compiler::CompilationDependencies::TransitionDependencyOffTheRecord+4565698
 7: 00007FF7BA9DC752 v8::internal::compiler::CompilationDependencies::TransitionDependencyOffTheRecord+4648546
 8: 00007FF7BA550FAC v8::internal::compiler::CompilationDependencies::~CompilationDependencies+799980
 9: 00007FF7BA54AC9A v8::internal::compiler::CompilationDependencies::~CompilationDependencies+774618
10: 00007FF7B9D345E4 v8::SharedValueConveyor::SharedValueConveyor+30324
11: 00007FF7B9CFB1C2 v8::Private::Name+42834
12: 00007FF7B9FBC116 v8::PropertyDescriptor::writable+1996790
13: 00007FF7B9134E80 X509_STORE_get_cleanup+784
14: 00007FF7B92C1483 uv_poll_stop+371
15: 00007FF7BAB48E9B inflateValidate+186203
16: 00007FFDEC8DE8D7 BaseThreadInitThunk+23
17: 00007FFDEDF4C53C RtlUserThreadStart+44


#
# Fatal process out of memory: Zone
#
----- Native stack trace -----

 1: 00007FF7B9261477 
 2: 00007FF7B91320DF 
 3: 00007FF7BA430866 
 4: 00007FF7B9DB72B1 
 5: 00007FF7B9899CBB 
 6: 00007FF7B9607CAC 
 7: 00007FF7B9611307 
 8: 00007FF7BA9DC862 
 9: 00007FF7BA550FAC 
10: 00007FF7BA54AC9A 
11: 00007FF7B9D345E4 
12: 00007FF7B9CFB1C2 
13: 00007FF7B9FBC116 
14: 00007FF7B9134E80 
15: 00007FF7B92C1483 
16: 00007FF7BAB48E9B 
17: 00007FFDEC8DE8D7 
18: 00007FFDEDF4C53C 


#
# Fatal process out of memory: Zone
#
----- Native stack trace -----



#
# Fatal process out of memory: Zone
#
----- Native stack trace -----

 1: 00007FF7B9261477 node::SetCppgcReference+18247
 2: 00007FF7B91320DF node::TriggerNodeReport+71583
 3: 00007FF7BA430866 v8::base::FatalOOM+54
 4: 00007FF7B9DB72B1 v8::Function::Experimental_IsNopFunction+2801
 5: 00007FF7B9899CBB v8::SnapshotCreator::GetIsolate+50059
 6: 00007FF7B9607CAC CrashForExceptionInNonABICompliantCodeRange+293372
 7: 00007FF7BA58604C v8::internal::compiler::CompilationDependencies::TransitionDependencyOffTheRecord+100188
 8: 00007FF7BA59260D v8::internal::compiler::CompilationDependencies::TransitionDependencyOffTheRecord+150813
 9: 00007FF7BA5926FB v8::internal::compiler::CompilationDependencies::TransitionDependencyOffTheRecord+151051
10: 00007FF7BA86C7B5 v8::internal::compiler::CompilationDependencies::TransitionDependencyOffTheRecord+3141317
11: 00007FF7BA556861 v8::internal::compiler::CompilationDependencies::~CompilationDependencies+822689
12: 00007FF7BA551359 v8::internal::compiler::CompilationDependencies::~CompilationDependencies+800921
13: 00007FF7BA54AC9A v8::internal::compiler::CompilationDependencies::~CompilationDependencies+774618
14: 00007FF7B9D345E4 v8::SharedValueConveyor::SharedValueConveyor+30324
15: 00007FF7B9CFB1C2 v8::Private::Name+42834
16: 00007FF7B9FBC116 v8::PropertyDescriptor::writable+1996790
17: 00007FF7B9134E80 X509_STORE_get_cleanup+784
18: 00007FF7B92C1483 uv_poll_stop+371
19: 00007FF7BAB48E9B inflateValidate+186203
20: 00007FFDEC8DE8D7 BaseThreadInitThunk+23
21: 00007FFDEDF4C53C RtlUserThreadStart+44
 1: 00007FF7B9261477 node::SetCppgcReference+18247
 2: 00007FF7B91320DF node::TriggerNodeReport+71583
 3: 00007FF7BA430866 v8::base::FatalOOM+54
 4: 00007FF7B9DB72B1 v8::Function::Experimental_IsNopFunction+2801
 5: 00007FF7B9899CBB v8::SnapshotCreator::GetIsolate+50059
 6: 00007FF7BA591144 v8::internal::compiler::CompilationDependencies::TransitionDependencyOffTheRecord+145492
 7: 00007FF7BA58E67A v8::internal::compiler::CompilationDependencies::TransitionDependencyOffTheRecord+134538
 8: 00007FF7BA58E1A0 v8::internal::compiler::CompilationDependencies::TransitionDependencyOffTheRecord+133296
 9: 00007FF7BA4EA42A v8::internal::compiler::CompilationDependencies::~CompilationDependencies+379242
10: 00007FF7BA4EEF33 v8::internal::compiler::CompilationDependencies::~CompilationDependencies+398451
11: 00007FF7BA537E88 v8::internal::compiler::CompilationDependencies::~CompilationDependencies+697288
12: 00007FF7BA594F76 v8::internal::compiler::CompilationDependencies::TransitionDependencyOffTheRecord+161414
13: 00007FF7BA593DC3 v8::internal::compiler::CompilationDependencies::TransitionDependencyOffTheRecord+156883
14: 00007FF7BA592402 v8::internal::compiler::CompilationDependencies::TransitionDependencyOffTheRecord+150290
15: 00007FF7BA5926FB v8::internal::compiler::CompilationDependencies::TransitionDependencyOffTheRecord+151051
16: 00007FF7BA86C7B5 v8::internal::compiler::CompilationDependencies::TransitionDependencyOffTheRecord+3141317
17: 00007FF7BA556861 v8::internal::compiler::CompilationDependencies::~CompilationDependencies+822689
18: 00007FF7BA551359 v8::internal::compiler::CompilationDependencies::~CompilationDependencies+800921
19: 00007FF7BA54AC9A v8::internal::compiler::CompilationDependencies::~CompilationDependencies+774618
20: 00007FF7B9D345E4 v8::SharedValueConveyor::SharedValueConveyor+30324
21: 00007FF7B9CFB1C2 v8::Private::Name+42834
22: 00007FF7B9FBC116 v8::PropertyDescriptor::writable+1996790
23: 00007FF7B9134E80 X509_STORE_get_cleanup+784
24: 00007FF7B92C1483 uv_poll_stop+371
25: 00007FF7BAB48E9B inflateValidate+186203
26: 00007FFDEC8DE8D7 BaseThreadInitThunk+23
27: 00007FFDEDF4C53C RtlUserThreadStart+44


#
# Fatal process out of memory: Zone
#
----- Native stack trace -----



#
# Fatal process out of memory: Zone
#
----- Native stack trace -----

 1: 00007FF7B9261477 
 2: 00007FF7B91320DF 
 3: 00007FF7BA430866 
 4: 00007FF7B9DB72B1 
 5: 00007FF7B9899CBB 
 6: 00007FF7BA66E75A 
 7: 00007FF7BA67181B 
 8: 00007FF7BA66F6CE 
 9: 00007FF7BA6734F3 
10: 00007FF7BA672D03 
11: 00007FF7BA57FE57 
12: 00007FF7BA552631 
13: 00007FF7BA57FA48 
14: 00007FF7BA5801FE 
15: 00007FF7BA57FEE2 
16: 00007FF7BA55421D 
17: 00007FF7BA54FF65 
18: 00007FF7BA54AC9A 
19: 00007FF7B9D345E4 
20: 00007FF7B9CFB1C2 
21: 00007FF7B9FBC116 
22: 00007FF7B9134E80 
23: 00007FF7B92C1483 
24: 00007FF7BAB48E9B 
25: 00007FFDEC8DE8D7 
26: 00007FFDEDF4C53C 

<--- Last few GCs --->

[23876:0000020A2CD16000]      628 ms: Mark-Compact 15.6 (33.5) -> 15.6 (33.5) MB, pooled: 0 MB, 5.74 / 0.00 ms  (average mu = 0.970, current mu = 0.022) allocation failure; GC in old space requested
[23876:0000020A2CD16000]      644 ms: Mark-Compact (reduce) 19.0 (36.8) -> 19.0 (21.3) MB, pooled: 0 MB, 8.21 / 0.00 ms  (average mu = 0.925, current mu = 0.493) memory pressure; GC in old space requested


<--- JS stacktrace --->

FATAL ERROR: Committing semi space failed. Allocation failed - JavaScript heap out of memory
----- Native stack trace -----



#
# Fatal process out of memory: Zone
#
----- Native stack trace -----

 1: 00007FF7B9261477 
 2: 00007FF7B91C1EAB 
 3: 00007FF7B9DCA921 
 4: 00007FF7B9DB74A6 
 5: 00007FF7B9C13BF0 
 6: 00007FF7B9BCB84D 
 7: 00007FF7B9C1CE33 
 8: 00007FF7B9C0CCBD 
 9: 00007FF7B9C08875 
10: 00007FF7B95922CD 
11: 7FF8000000000000 
 1: 00007FF7B9261477 
 2: 00007FF7B91320DF 
 3: 00007FF7BA430866 
 4: 00007FF7B9DB72B1 
 5: 00007FF7B9899CBB 
 6: 00007FF7B9607CAC 
 7: 00007FF7BA538797 
 8: 00007FF7BA4D9BB0 
 9: 00007FF7BA5C8E7D 
10: 00007FF7BA5C6B08 
11: 00007FF7BA5C6BFB 
12: 00007FF7BA5CF9DB 
13: 00007FF7BA5CA5B8 
14: 00007FF7BA5C83D5 
15: 00007FF7BA5C64DF 
16: 00007FF7BA81C83A 
17: 00007FF7BA64D38A 
18: 00007FF7BA64D2D6 
19: 00007FF7BA57FF5F 
20: 00007FF7BA55342F 
21: 00007FF7BA54A0A5 
22: 00007FF7BA54AC75 
23: 00007FF7B9D345E4 
24: 00007FF7B9CFB1C2 
25: 00007FF7B9FBC116 
26: 00007FF7B9134E80 
27: 00007FF7B92C1483 
28: 00007FF7BAB48E9B 
29: 00007FFDEC8DE8D7 
30: 00007FFDEDF4C53C RtlUserThreadStart+44


#
# Fatal process out of memory: Zone
#
----- Native stack trace -----



#
# Fatal process out of memory: Zone
#
----- Native stack trace -----

 1: 00007FF7B9261477 
 2: 00007FF7B91320DF 
 3: 00007FF7BA430866 
 4: 00007FF7B9DB72B1 
 5: 00007FF7B9899CBB 
 6: 00007FF7B9607BE6 
 7: 00007FF7BA83F1E5 
 8: 00007FF7BA589BD9 
 9: 00007FF7BA58E964 
10: 00007FF7BA86C7A8 
11: 00007FF7BA556861 
12: 00007FF7BA551359 
13: 00007FF7BA54AC9A 
14: 00007FF7B9D345E4 
15: 00007FF7B9CFB1C2 
16: 00007FF7B9FBC116 
17: 00007FF7B9134E80 
18: 00007FF7B92C1483 
19: 00007FF7BAB48E9B 
20: 00007FFDEC8DE8D7 
21: 00007FFDEDF4C53C RtlUserThreadStart+44

<--- Last few GCs --->

[22576:000001906C7A1000]      408 ms: Scavenge 16.2 (21.2) -> 13.4 (30.2) MB, pooled: 0 MB, 0.90 / 0.00 ms  (average mu = 1.000, current mu = 1.000) allocation failure; 
[22576:000001906C7A1000]      445 ms: Scavenge 21.1 (30.2) -> 14.5 (31.0) MB, pooled: 0 MB, 0.54 / 0.00 ms  (average mu = 1.000, current mu = 1.000) allocation failure; 
[22576:000001906C7A1000]      502 ms: Scavenge 21.8 (31.0) -> 15.7 (32.0) MB, pooled: 0 MB, 0.80 / 0.00 ms  (average mu = 1.000, current mu = 1.000) allocation failure; 


<--- JS stacktrace --->

FATAL ERROR: NewSpace::EnsureCurrentCapacity Allocation failed - JavaScript heap out of memory
----- Native stack trace -----

 1: 00007FF7B9261477 
 2: 00007FF7B91C1EAB 
 3: 00007FF7B9DCA921 
 4: 00007FF7B9DB74A6 
 5: 00007FF7B9C13BF0 
 6: 00007FF7B9BF0970 
 7: 00007FF7B9C1A88B 
 8: 00007FF7B9C1CE9E 
 9: 00007FF7B9C0CCBD 
10: 00007FF7B9C08875 
11: 00007FF7B95922CD 


#
# Fatal process out of memory: Zone
#
----- Native stack trace -----

 1: 00007FF7B9261477 
 2: 00007FF7B91320DF 
 3: 00007FF7BA430866 
 4: 00007FF7B9DB72B1 
 5: 00007FF7B9899CBB 
 6: 00007FF7BA49F587 
 7: 00007FF7BA4D9B8A 
 8: 00007FF7BA5C8E7D 
 9: 00007FF7BA5C6B08 
10: 00007FF7BA5C6BFB 
11: 00007FF7BA5CF9DB 
12: 00007FF7BA5CA5B8 
13: 00007FF7BA5C83D5 
14: 00007FF7BA5C64DF 
15: 00007FF7BA552FE3 
16: 00007FF7BA549FED 
17: 00007FF7BA54AC75 
18: 00007FF7B9D345E4 
19: 00007FF7B9CFB1C2 
20: 00007FF7B9FBC116 
21: 00007FF7B9134E80 
22: 00007FF7B92C1483 
23: 00007FF7BAB48E9B 
24: 00007FFDEC8DE8D7 
25: 00007FFDEDF4C53C 


#
# Fatal process out of memory: Zone
#
----- Native stack trace -----

 1: 00007FF7B9261477 
 2: 00007FF7B91320DF 
 3: 00007FF7BA430866 
 4: 00007FF7B9DB72B1 
 5: 00007FF7B9899CBB 
 6: 00007FF7BA9C83B2 
 7: 00007FF7BA9DC752 
 8: 00007FF7BA550FAC 
 9: 00007FF7BA54AC9A 
10: 00007FF7B9D345E4 
11: 00007FF7B9CFB1C2 
12: 00007FF7B9FBC116 
13: 00007FF7B9134E80 
14: 00007FF7B92C1483 
15: 00007FF7BAB48E9B 
16: 00007FFDEC8DE8D7 
17: 00007FFDEDF4C53C 


#
# Fatal process out of memory: Zone
#
----- Native stack trace -----

 1: 00007FF7B9261477 
 2: 00007FF7B91320DF 
 3: 00007FF7BA430866 
 4: 00007FF7B9DB72B1 
 5: 00007FF7B9899CBB 
 6: 00007FF7BA49F587 
 7: 00007FF7BA4D9B8A 
 8: 00007FF7BA631D05 
 9: 00007FF7BA6245CB 
10: 00007FF7BA62220C 
11: 00007FF7BA621ABE 
12: 00007FF7BA622F25 
13: 00007FF7BA62220C 
14: 00007FF7BA622408 
15: 00007FF7BA61286B 
16: 00007FF7BA57FE57 
17: 00007FF7BA552631 
18: 00007FF7BA57FA48 
19: 00007FF7BA5801FE 
20: 00007FF7BA57FEE2 
21: 00007FF7BA55342F 
22: 00007FF7BA54A0A5 
23: 00007FF7BA54AC75 
24: 00007FF7B9D345E4 
25: 00007FF7B9CFB1C2 
26: 00007FF7B9FBC116 
27: 00007FF7B9134E80 
28: 00007FF7B92C1483 
29: 00007FF7BAB48E9B 
30: 00007FFDEC8DE8D7 
31: 00007FFDEDF4C53C 


#
# Fatal process out of memory: Zone
#
----- Native stack trace -----

 1: 00007FF7B9261477 
 2: 00007FF7B91320DF 
 3: 00007FF7BA430866 
 4: 00007FF7B9DB72B1 
 5: 00007FF7B9899CBB 
 6: 00007FF7BA49F587 
 7: 00007FF7BA4D9B8A 
 8: 00007FF7BA5C8E7D 
 9: 00007FF7BA5C76FA 
10: 00007FF7BA5CFFA0 
11: 00007FF7BA5CA5B8 
12: 00007FF7BA5C83D5 
13: 00007FF7BA5C64DF 
14: 00007FF7BA81C83A 
15: 00007FF7BA64D38A 
16: 00007FF7BA64D2D6 
17: 00007FF7BA57FF5F 
18: 00007FF7BA55342F 
19: 00007FF7BA54A0A5 
20: 00007FF7BA54AC75 
21: 00007FF7B9D345E4 
22: 00007FF7B9CFB1C2 
23: 00007FF7B9FBC116 
24: 00007FF7B9134E80 
25: 00007FF7B92C1483 
26: 00007FF7BAB48E9B 
27: 00007FFDEC8DE8D7 
28: 00007FFDEDF4C53C 

<--- Last few GCs --->

[36272:0000026FAF58A000]       48 ms: Scavenge 6.2 (7.8) -> 5.3 (7.6) MB, pooled: 0 MB, 0.55 / 0.00 ms  (average mu = 1.000, current mu = 1.000) allocation failure; 
[36272:0000026FAF58A000]       65 ms: Scavenge 6.1 (7.6) -> 5.9 (10.1) MB, pooled: 0 MB, 0.49 / 0.00 ms  (average mu = 1.000, current mu = 1.000) allocation failure; 


<--- JS stacktrace --->

FATAL ERROR: MarkCompactCollector: young object promotion failed Allocation failed - JavaScript heap out of memory
----- Native stack trace -----

 1: 00007FF7B9261477 
 2: 00007FF7B91C1EAB 
 3: 00007FF7B9DCA921 
 4: 00007FF7B9DB74A6 
 5: 00007FF7B9C13BF0 
 6: 00007FF7B9BE6BAF 
 7: 00007FF7B9BF7D62 
 8: 00007FF7B9BEECDE 
 9: 00007FF7B9BF54E9 
10: 00007FF7B9BF968E 
11: 00007FF7B9FBBD8F 
12: 00007FF7B9FBBB86 
13: 00007FF7B9BEDD24 
14: 00007FF7B9BEF6D8 
15: 00007FF7B9BEE319 
16: 00007FF7B9BED614 
17: 00007FF7B9C1A88B 
18: 00007FF7B9C1CE9E 
19: 00007FF7B9C0CCBD 
20: 00007FF7B9C08875 
21: 00007FF7B95922CD 
22: 7FF8000000000000 


#
# Fatal process out of memory: Zone
#
----- Native stack trace -----



#
# Fatal process out of memory: Zone
#
----- Native stack trace -----



#
# Fatal process out of memory: Zone
#
----- Native stack trace -----

 1: 00007FF7B9261477 
 2: 00007FF7B91320DF 
 3: 00007FF7BA430866 
 4: 00007FF7B9DB72B1 
 5: 00007FF7B9899CBB 
 6: 00007FF7BA49F587 
 7: 00007FF7BA4D9B8A 
 8: 00007FF7BA5C813C 
 9: 00007FF7BA5C9F01 
10: 00007FF7BA5CCE80 
11: 00007FF7BA5CE290 
12: 00007FF7BA5CA5B8 
13: 00007FF7BA5C83D5 
14: 00007FF7BA5C64DF 
15: 00007FF7BA552FE3 
16: 00007FF7BA549FED 
17: 00007FF7BA54AC75 
18: 00007FF7B9D345E4 
19: 00007FF7B9CFB1C2 
20: 00007FF7B9FBC116 
21: 00007FF7B9134E80 
22: 00007FF7B92C1483 
23: 00007FF7BAB48E9B 
24: 00007FFDEC8DE8D7 
25: 00007FFDEDF4C53C 


#
# Fatal process out of memory: Zone
#
----- Native stack trace -----

 1: 00007FF7B9261477 
 2: 00007FF7B91320DF 
 3: 00007FF7BA430866 
 4: 00007FF7B9DB72B1 
 5: 00007FF7B9899CBB 
 6: 00007FF7B9611067 
 7: 00007FF7BAA9FA1C 
 8: 00007FF7BAA722BE 
 9: 00007FF7BAA85A48 
10: 00007FF7BAA95182 
11: 00007FF7BAAA1189 
12: 00007FF7BAA85EDE 
13: 00007FF7BA83FE4E 
14: 00007FF7BA550C41 
15: 00007FF7BA54AC9A 
16: 00007FF7B9D345E4 
17: 00007FF7B9CFB1C2 
18: 00007FF7B9FBC116 
19: 00007FF7B9134E80 
20: 00007FF7B92C1483 
21: 00007FF7BAB48E9B 
22: 00007FFDEC8DE8D7 
23: 00007FFDEDF4C53C 


#
# Fatal process out of memory: Zone
#
----- Native stack trace -----



#
# Fatal process out of memory: Zone
#
----- Native stack trace -----

 1: 00007FF7B9261477 
 2: 00007FF7B91320DF 
 3: 00007FF7BA430866 
 4: 00007FF7B9DB72B1 
 5: 00007FF7B9899CBB 
 6: 00007FF7BA49F587 
 7: 00007FF7BA4D9B8A 
 8: 00007FF7BA5C9DB2 
 9: 00007FF7BA5C73EE 
10: 00007FF7BA5C661F 
11: 00007FF7BA5D003A 
12: 00007FF7BA5CA5B8 
13: 00007FF7BA5C83D5 
14: 00007FF7BA5C64DF 
15: 00007FF7BA552FE3 
16: 00007FF7BA549FED 
17: 00007FF7BA54AC75 
18: 00007FF7B9D345E4 
19: 00007FF7B9CFB1C2 
20: 00007FF7B9FBC116 
21: 00007FF7B9134E80 
22: 00007FF7B92C1483 
23: 00007FF7BAB48E9B 
24: 00007FFDEC8DE8D7 
25: 00007FFDEDF4C53C 


#
# Fatal process out of memory: Zone
#
----- Native stack trace -----



#
# Fatal process out of memory: Zone
#
----- Native stack trace -----

 1: 00007FF7B9261477 
 2: 00007FF7B91320DF 
 3: 00007FF7BA430866 
 4: 00007FF7B9DB72B1 
 5: 00007FF7B9899CBB 
 6: 00007FF7B9611067 
 7: 00007FF7BAA73A5D 
 8: 00007FF7BAA8BCAC 
 9: 00007FF7BAA95703 
10: 00007FF7BAAA1045 
11: 00007FF7BAA85EDE 
12: 00007FF7BA83FE4E 
13: 00007FF7BA550C41 
14: 00007FF7BA54AC9A 
15: 00007FF7B9D345E4 
16: 00007FF7B9CFB1C2 
17: 00007FF7B9FBC116 
18: 00007FF7B9134E80 
19: 00007FF7B92C1483 
20: 00007FF7BAB48E9B 
21: 00007FFDEC8DE8D7 
22: 00007FFDEDF4C53C 
 1: 00007FF7B9261477 
 2: 00007FF7B91320DF 
 3: 00007FF7BA430866 
 4: 00007FF7B9DB72B1 
 5: 00007FF7B9899CBB 
 6: 00007FF7B961AC08 
 7: 00007FF7BA58AC0B 
 8: 00007FF7BA590494 
 9: 00007FF7BA594633 
10: 00007FF7BA595124 
11: 00007FF7BA593DC3 
12: 00007FF7BA592402 
13: 00007FF7BA5926FB 
14: 00007FF7BA86C7B5 
15: 00007FF7BA556861 
[?25h
